c:\users\administrator\documents\visual studio 2015\projects\sortall\sortall\debug\sortall.pch
c:\users\administrator\documents\visual studio 2015\projects\sortall\sortall\debug\vc140.pdb
c:\users\administrator\documents\visual studio 2015\projects\sortall\sortall\debug\vc140.idb
c:\users\administrator\documents\visual studio 2015\projects\sortall\sortall\debug\stdafx.obj
c:\users\administrator\documents\visual studio 2015\projects\sortall\sortall\debug\main.obj
c:\users\administrator\documents\visual studio 2015\projects\sortall\sortall\debug\sorter.obj
c:\users\administrator\documents\visual studio 2015\projects\sortall\debug\sortall.ilk
c:\users\administrator\documents\visual studio 2015\projects\sortall\debug\sortall.exe
c:\users\administrator\documents\visual studio 2015\projects\sortall\debug\sortall.pdb
f:\practice_2017\sortall\sortall\debug\main.obj
f:\practice_2017\sortall\sortall\debug\sorter.obj
f:\practice_2017\sortall\sortall\debug\stdafx.obj
f:\practice_2017\sortall\sortall\debug\sortall.pch
f:\practice_2017\sortall\sortall\debug\vc140.idb
f:\practice_2017\sortall\sortall\debug\vc140.pdb
f:\practice_2017\sortall\debug\sortall.pdb
f:\practice_2017\sortall\debug\sortall.exe
f:\practice_2017\sortall\debug\sortall.ilk
f:\practice_2017\sortall\sortall\debug\sortall.tlog\cl.command.1.tlog
f:\practice_2017\sortall\sortall\debug\sortall.tlog\cl.read.1.tlog
f:\practice_2017\sortall\sortall\debug\sortall.tlog\cl.write.1.tlog
f:\practice_2017\sortall\sortall\debug\sortall.tlog\link.command.1.tlog
f:\practice_2017\sortall\sortall\debug\sortall.tlog\link.read.1.tlog
f:\practice_2017\sortall\sortall\debug\sortall.tlog\link.write.1.tlog
